<?xml version="1.0" encoding="UTF-8"?>
<!-- Generated by org.testng.reporters.JUnitXMLReporter -->
<testsuite hostname="DESKTOP-KN642OP" ignored="0" name="Open Card App Test Cases" tests="1" failures="0" timestamp="12 Oct 2023 03:42:38 GMT" time="26.529" errors="0">
  <testcase name="@BeforeTest setUp" time="26.406" classname="com.qa.tricentis.tests.HomePageTest">
    <failure type="java.lang.NullPointerException">
      <![CDATA[java.lang.NullPointerException
at com.qa.tricentis.pages.TestBase.init(TestBase.java:32)
at com.qa.tricentis.tests.HomePageTest.setUp(HomePageTest.java:29)
... Removed 24 stack frames]]>
    </failure>
  </testcase> <!-- @BeforeTest setUp -->
  <testcase name="@AfterTest tearDown" time="0.0" classname="com.qa.tricentis.tests.HomePageTest">
    <skipped/>
  </testcase> <!-- @AfterTest tearDown -->
  <testcase name="verifyLoginTest" time="0.0" classname="com.qa.tricentis.tests.HomePageTest">
    <skipped/>
  </testcase> <!-- verifyLoginTest -->
</testsuite> <!-- Open Card App Test Cases -->
